Determining if the pthread_create exist failed with the following output:
Change Dir: /home/rudeu/Studies/sysopy/zestaw8/cmake-build-debug/CMakeFiles/CMakeTmp

Run Build Command:"/usr/bin/gmake" "cmTC_37ad9/fast"
/usr/bin/gmake -f CMakeFiles/cmTC_37ad9.dir/build.make CMakeFiles/cmTC_37ad9.dir/build
gmake[1]: Wejście do katalogu '/home/rudeu/Studies/sysopy/zestaw8/cmake-build-debug/CMakeFiles/CMakeTmp'
Building C object CMakeFiles/cmTC_37ad9.dir/CheckSymbolExists.c.o
/usr/bin/cc   -std=gnu99 -o CMakeFiles/cmTC_37ad9.dir/CheckSymbolExists.c.o   -c /home/rudeu/Studies/sysopy/zestaw8/cmake-build-debug/CMakeFiles/CMakeTmp/CheckSymbolExists.c
Linking C executable cmTC_37ad9
/home/rudeu/CLion/clion-2017.3.4/bin/cmake/bin/cmake -E cmake_link_script CMakeFiles/cmTC_37ad9.dir/link.txt --verbose=1
/usr/bin/cc      CMakeFiles/cmTC_37ad9.dir/CheckSymbolExists.c.o  -o cmTC_37ad9 
CMakeFiles/cmTC_37ad9.dir/CheckSymbolExists.c.o: In function `main':
CheckSymbolExists.c:(.text+0x16): undefined reference to `pthread_create'
collect2: error: ld returned 1 exit status
gmake[1]: *** [CMakeFiles/cmTC_37ad9.dir/build.make:98: cmTC_37ad9] Błąd 1
gmake[1]: Opuszczenie katalogu '/home/rudeu/Studies/sysopy/zestaw8/cmake-build-debug/CMakeFiles/CMakeTmp'
gmake: *** [Makefile:126: cmTC_37ad9/fast] Błąd 2

File /home/rudeu/Studies/sysopy/zestaw8/cmake-build-debug/CMakeFiles/CMakeTmp/CheckSymbolExists.c:
/* */
#include <pthread.h>

int main(int argc, char** argv)
{
  (void)argv;
#ifndef pthread_create
  return ((int*)(&pthread_create))[argc];
#else
  (void)argc;
  return 0;
#endif
}

