The system is: Linux - 4.15.7-300.fc27.x86_64 - x86_64
Compiling the C compiler identification source file "CMakeCCompilerId.c" succeeded.
Compiler: /usr/bin/cc 
Build flags: 
Id flags:  

The output was:
0


Compilation of the C compiler identification source "CMakeCCompilerId.c" produced "a.out"

The C compiler identification is GNU, found in "/home/rudeu/Studies/sysopy/zestaw2/cmake-build-debug/CMakeFiles/3.9.6/CompilerIdC/a.out"

Determining if the C compiler works passed with the following output:
Change Dir: /home/rudeu/Studies/sysopy/zestaw2/cmake-build-debug/CMakeFiles/CMakeTmp

Run Build Command:"/usr/bin/gmake" "cmTC_3863a/fast"
/usr/bin/gmake -f CMakeFiles/cmTC_3863a.dir/build.make CMakeFiles/cmTC_3863a.dir/build
gmake[1]: Wejście do katalogu '/home/rudeu/Studies/sysopy/zestaw2/cmake-build-debug/CMakeFiles/CMakeTmp'
Building C object CMakeFiles/cmTC_3863a.dir/testCCompiler.c.o
/usr/bin/cc    -o CMakeFiles/cmTC_3863a.dir/testCCompiler.c.o   -c /home/rudeu/Studies/sysopy/zestaw2/cmake-build-debug/CMakeFiles/CMakeTmp/testCCompiler.c
Linking C executable cmTC_3863a
/home/rudeu/CLion/clion-2017.3.4/bin/cmake/bin/cmake -E cmake_link_script CMakeFiles/cmTC_3863a.dir/link.txt --verbose=1
/usr/bin/cc      CMakeFiles/cmTC_3863a.dir/testCCompiler.c.o  -o cmTC_3863a 
gmake[1]: Opuszczenie katalogu '/home/rudeu/Studies/sysopy/zestaw2/cmake-build-debug/CMakeFiles/CMakeTmp'


Detecting C compiler ABI info compiled with the following output:
Change Dir: /home/rudeu/Studies/sysopy/zestaw2/cmake-build-debug/CMakeFiles/CMakeTmp

Run Build Command:"/usr/bin/gmake" "cmTC_ead08/fast"
/usr/bin/gmake -f CMakeFiles/cmTC_ead08.dir/build.make CMakeFiles/cmTC_ead08.dir/build
gmake[1]: Wejście do katalogu '/home/rudeu/Studies/sysopy/zestaw2/cmake-build-debug/CMakeFiles/CMakeTmp'
Building C object CMakeFiles/cmTC_ead08.dir/CMakeCCompilerABI.c.o
/usr/bin/cc    -o CMakeFiles/cmTC_ead08.dir/CMakeCCompilerABI.c.o   -c /home/rudeu/CLion/clion-2017.3.4/bin/cmake/share/cmake-3.9/Modules/CMakeCCompilerABI.c
Linking C executable cmTC_ead08
/home/rudeu/CLion/clion-2017.3.4/bin/cmake/bin/cmake -E cmake_link_script CMakeFiles/cmTC_ead08.dir/link.txt --verbose=1
/usr/bin/cc     -v CMakeFiles/cmTC_ead08.dir/CMakeCCompilerABI.c.o  -o cmTC_ead08 
Using built-in specs.
COLLECT_GCC=/usr/bin/cc
COLLECT_LTO_WRAPPER=/usr/libexec/gcc/x86_64-redhat-linux/7/lto-wrapper
OFFLOAD_TARGET_NAMES=nvptx-none
OFFLOAD_TARGET_DEFAULT=1
Target: x86_64-redhat-linux
Configured with: ../configure --enable-bootstrap --enable-languages=c,c++,objc,obj-c++,fortran,ada,go,lto --prefix=/usr --mandir=/usr/share/man --infodir=/usr/share/info --with-bugurl=http://bugzilla.redhat.com/bugzilla --enable-shared --enable-threads=posix --enable-checking=release --enable-multilib --with-system-zlib --enable-__cxa_atexit --disable-libunwind-exceptions --enable-gnu-unique-object --enable-linker-build-id --with-gcc-major-version-only --with-linker-hash-style=gnu --enable-plugin --enable-initfini-array --with-isl --enable-libmpx --enable-offload-targets=nvptx-none --without-cuda-driver --enable-gnu-indirect-function --with-tune=generic --with-arch_32=i686 --build=x86_64-redhat-linux
Thread model: posix
gcc version 7.3.1 20180303 (Red Hat 7.3.1-5) (GCC) 
COMPILER_PATH=/usr/libexec/gcc/x86_64-redhat-linux/7/:/usr/libexec/gcc/x86_64-redhat-linux/7/:/usr/libexec/gcc/x86_64-redhat-linux/:/usr/lib/gcc/x86_64-redhat-linux/7/:/usr/lib/gcc/x86_64-redhat-linux/
LIBRARY_PATH=/usr/lib/gcc/x86_64-redhat-linux/7/:/usr/lib/gcc/x86_64-redhat-linux/7/../../../../lib64/:/lib/../lib64/:/usr/lib/../lib64/:/usr/lib/gcc/x86_64-redhat-linux/7/../../../:/lib/:/usr/lib/
COLLECT_GCC_OPTIONS='-v' '-o' 'cmTC_ead08' '-mtune=generic' '-march=x86-64'
 /usr/libexec/gcc/x86_64-redhat-linux/7/collect2 -plugin /usr/libexec/gcc/x86_64-redhat-linux/7/liblto_plugin.so -plugin-opt=/usr/libexec/gcc/x86_64-redhat-linux/7/lto-wrapper -plugin-opt=-fresolution=/tmp/ccE8ITOp.res -plugin-opt=-pass-through=-lgcc -plugin-opt=-pass-through=-lgcc_s -plugin-opt=-pass-through=-lc -plugin-opt=-pass-through=-lgcc -plugin-opt=-pass-through=-lgcc_s --build-id --no-add-needed --eh-frame-hdr --hash-style=gnu -m elf_x86_64 -dynamic-linker /lib64/ld-linux-x86-64.so.2 -o cmTC_ead08 /usr/lib/gcc/x86_64-redhat-linux/7/../../../../lib64/crt1.o /usr/lib/gcc/x86_64-redhat-linux/7/../../../../lib64/crti.o /usr/lib/gcc/x86_64-redhat-linux/7/crtbegin.o -L/usr/lib/gcc/x86_64-redhat-linux/7 -L/usr/lib/gcc/x86_64-redhat-linux/7/../../../../lib64 -L/lib/../lib64 -L/usr/lib/../lib64 -L/usr/lib/gcc/x86_64-redhat-linux/7/../../.. CMakeFiles/cmTC_ead08.dir/CMakeCCompilerABI.c.o -lgcc --as-needed -lgcc_s --no-as-needed -lc -lgcc --as-needed -lgcc_s --no-as-needed /usr/lib/gcc/x86_64-redhat-linux/7/crtend.o /usr/lib/gcc/x86_64-redhat-linux/7/../../../../lib64/crtn.o
COLLECT_GCC_OPTIONS='-v' '-o' 'cmTC_ead08' '-mtune=generic' '-march=x86-64'
gmake[1]: Opuszczenie katalogu '/home/rudeu/Studies/sysopy/zestaw2/cmake-build-debug/CMakeFiles/CMakeTmp'


Parsed C implicit link information from above output:
  link line regex: [^( *|.*[/\])(ld|CMAKE_LINK_STARTFILE-NOTFOUND|([^/\]+-)?ld|collect2)[^/\]*( |$)]
  ignore line: [Change Dir: /home/rudeu/Studies/sysopy/zestaw2/cmake-build-debug/CMakeFiles/CMakeTmp]
  ignore line: []
  ignore line: [Run Build Command:"/usr/bin/gmake" "cmTC_ead08/fast"]
  ignore line: [/usr/bin/gmake -f CMakeFiles/cmTC_ead08.dir/build.make CMakeFiles/cmTC_ead08.dir/build]
  ignore line: [gmake[1]: Wejście do katalogu '/home/rudeu/Studies/sysopy/zestaw2/cmake-build-debug/CMakeFiles/CMakeTmp']
  ignore line: [Building C object CMakeFiles/cmTC_ead08.dir/CMakeCCompilerABI.c.o]
  ignore line: [/usr/bin/cc    -o CMakeFiles/cmTC_ead08.dir/CMakeCCompilerABI.c.o   -c /home/rudeu/CLion/clion-2017.3.4/bin/cmake/share/cmake-3.9/Modules/CMakeCCompilerABI.c]
  ignore line: [Linking C executable cmTC_ead08]
  ignore line: [/home/rudeu/CLion/clion-2017.3.4/bin/cmake/bin/cmake -E cmake_link_script CMakeFiles/cmTC_ead08.dir/link.txt --verbose=1]
  ignore line: [/usr/bin/cc     -v CMakeFiles/cmTC_ead08.dir/CMakeCCompilerABI.c.o  -o cmTC_ead08 ]
  ignore line: [Using built-in specs.]
  ignore line: [COLLECT_GCC=/usr/bin/cc]
  ignore line: [COLLECT_LTO_WRAPPER=/usr/libexec/gcc/x86_64-redhat-linux/7/lto-wrapper]
  ignore line: [OFFLOAD_TARGET_NAMES=nvptx-none]
  ignore line: [OFFLOAD_TARGET_DEFAULT=1]
  ignore line: [Target: x86_64-redhat-linux]
  ignore line: [Configured with: ../configure --enable-bootstrap --enable-languages=c,c++,objc,obj-c++,fortran,ada,go,lto --prefix=/usr --mandir=/usr/share/man --infodir=/usr/share/info --with-bugurl=http://bugzilla.redhat.com/bugzilla --enable-shared --enable-threads=posix --enable-checking=release --enable-multilib --with-system-zlib --enable-__cxa_atexit --disable-libunwind-exceptions --enable-gnu-unique-object --enable-linker-build-id --with-gcc-major-version-only --with-linker-hash-style=gnu --enable-plugin --enable-initfini-array --with-isl --enable-libmpx --enable-offload-targets=nvptx-none --without-cuda-driver --enable-gnu-indirect-function --with-tune=generic --with-arch_32=i686 --build=x86_64-redhat-linux]
  ignore line: [Thread model: posix]
  ignore line: [gcc version 7.3.1 20180303 (Red Hat 7.3.1-5) (GCC) ]
  ignore line: [COMPILER_PATH=/usr/libexec/gcc/x86_64-redhat-linux/7/:/usr/libexec/gcc/x86_64-redhat-linux/7/:/usr/libexec/gcc/x86_64-redhat-linux/:/usr/lib/gcc/x86_64-redhat-linux/7/:/usr/lib/gcc/x86_64-redhat-linux/]
  ignore line: [LIBRARY_PATH=/usr/lib/gcc/x86_64-redhat-linux/7/:/usr/lib/gcc/x86_64-redhat-linux/7/../../../../lib64/:/lib/../lib64/:/usr/lib/../lib64/:/usr/lib/gcc/x86_64-redhat-linux/7/../../../:/lib/:/usr/lib/]
  ignore line: [COLLECT_GCC_OPTIONS='-v' '-o' 'cmTC_ead08' '-mtune=generic' '-march=x86-64']
  link line: [ /usr/libexec/gcc/x86_64-redhat-linux/7/collect2 -plugin /usr/libexec/gcc/x86_64-redhat-linux/7/liblto_plugin.so -plugin-opt=/usr/libexec/gcc/x86_64-redhat-linux/7/lto-wrapper -plugin-opt=-fresolution=/tmp/ccE8ITOp.res -plugin-opt=-pass-through=-lgcc -plugin-opt=-pass-through=-lgcc_s -plugin-opt=-pass-through=-lc -plugin-opt=-pass-through=-lgcc -plugin-opt=-pass-through=-lgcc_s --build-id --no-add-needed --eh-frame-hdr --hash-style=gnu -m elf_x86_64 -dynamic-linker /lib64/ld-linux-x86-64.so.2 -o cmTC_ead08 /usr/lib/gcc/x86_64-redhat-linux/7/../../../../lib64/crt1.o /usr/lib/gcc/x86_64-redhat-linux/7/../../../../lib64/crti.o /usr/lib/gcc/x86_64-redhat-linux/7/crtbegin.o -L/usr/lib/gcc/x86_64-redhat-linux/7 -L/usr/lib/gcc/x86_64-redhat-linux/7/../../../../lib64 -L/lib/../lib64 -L/usr/lib/../lib64 -L/usr/lib/gcc/x86_64-redhat-linux/7/../../.. CMakeFiles/cmTC_ead08.dir/CMakeCCompilerABI.c.o -lgcc --as-needed -lgcc_s --no-as-needed -lc -lgcc --as-needed -lgcc_s --no-as-needed /usr/lib/gcc/x86_64-redhat-linux/7/crtend.o /usr/lib/gcc/x86_64-redhat-linux/7/../../../../lib64/crtn.o]
    arg [/usr/libexec/gcc/x86_64-redhat-linux/7/collect2] ==> ignore
    arg [-plugin] ==> ignore
    arg [/usr/libexec/gcc/x86_64-redhat-linux/7/liblto_plugin.so] ==> ignore
    arg [-plugin-opt=/usr/libexec/gcc/x86_64-redhat-linux/7/lto-wrapper] ==> ignore
    arg [-plugin-opt=-fresolution=/tmp/ccE8ITOp.res] ==> ignore
    arg [-plugin-opt=-pass-through=-lgcc] ==> ignore
    arg [-plugin-opt=-pass-through=-lgcc_s] ==> ignore
    arg [-plugin-opt=-pass-through=-lc] ==> ignore
    arg [-plugin-opt=-pass-through=-lgcc] ==> ignore
    arg [-plugin-opt=-pass-through=-lgcc_s] ==> ignore
    arg [--build-id] ==> ignore
    arg [--no-add-needed] ==> ignore
    arg [--eh-frame-hdr] ==> ignore
    arg [--hash-style=gnu] ==> ignore
    arg [-m] ==> ignore
    arg [elf_x86_64] ==> ignore
    arg [-dynamic-linker] ==> ignore
    arg [/lib64/ld-linux-x86-64.so.2] ==> ignore
    arg [-o] ==> ignore
    arg [cmTC_ead08] ==> ignore
    arg [/usr/lib/gcc/x86_64-redhat-linux/7/../../../../lib64/crt1.o] ==> ignore
    arg [/usr/lib/gcc/x86_64-redhat-linux/7/../../../../lib64/crti.o] ==> ignore
    arg [/usr/lib/gcc/x86_64-redhat-linux/7/crtbegin.o] ==> ignore
    arg [-L/usr/lib/gcc/x86_64-redhat-linux/7] ==> dir [/usr/lib/gcc/x86_64-redhat-linux/7]
    arg [-L/usr/lib/gcc/x86_64-redhat-linux/7/../../../../lib64] ==> dir [/usr/lib/gcc/x86_64-redhat-linux/7/../../../../lib64]
    arg [-L/lib/../lib64] ==> dir [/lib/../lib64]
    arg [-L/usr/lib/../lib64] ==> dir [/usr/lib/../lib64]
    arg [-L/usr/lib/gcc/x86_64-redhat-linux/7/../../..] ==> dir [/usr/lib/gcc/x86_64-redhat-linux/7/../../..]
    arg [CMakeFiles/cmTC_ead08.dir/CMakeCCompilerABI.c.o] ==> ignore
    arg [-lgcc] ==> lib [gcc]
    arg [--as-needed] ==> ignore
    arg [-lgcc_s] ==> lib [gcc_s]
    arg [--no-as-needed] ==> ignore
    arg [-lc] ==> lib [c]
    arg [-lgcc] ==> lib [gcc]
    arg [--as-needed] ==> ignore
    arg [-lgcc_s] ==> lib [gcc_s]
    arg [--no-as-needed] ==> ignore
    arg [/usr/lib/gcc/x86_64-redhat-linux/7/crtend.o] ==> ignore
    arg [/usr/lib/gcc/x86_64-redhat-linux/7/../../../../lib64/crtn.o] ==> ignore
  collapse library dir [/usr/lib/gcc/x86_64-redhat-linux/7] ==> [/usr/lib/gcc/x86_64-redhat-linux/7]
  collapse library dir [/usr/lib/gcc/x86_64-redhat-linux/7/../../../../lib64] ==> [/usr/lib64]
  collapse library dir [/lib/../lib64] ==> [/lib64]
  collapse library dir [/usr/lib/../lib64] ==> [/usr/lib64]
  collapse library dir [/usr/lib/gcc/x86_64-redhat-linux/7/../../..] ==> [/usr/lib]
  implicit libs: [gcc;gcc_s;c;gcc;gcc_s]
  implicit dirs: [/usr/lib/gcc/x86_64-redhat-linux/7;/usr/lib64;/lib64;/usr/lib]
  implicit fwks: []




Detecting C [-std=c11] compiler features compiled with the following output:
Change Dir: /home/rudeu/Studies/sysopy/zestaw2/cmake-build-debug/CMakeFiles/CMakeTmp

Run Build Command:"/usr/bin/gmake" "cmTC_ddeb5/fast"
/usr/bin/gmake -f CMakeFiles/cmTC_ddeb5.dir/build.make CMakeFiles/cmTC_ddeb5.dir/build
gmake[1]: Wejście do katalogu '/home/rudeu/Studies/sysopy/zestaw2/cmake-build-debug/CMakeFiles/CMakeTmp'
Building C object CMakeFiles/cmTC_ddeb5.dir/feature_tests.c.o
/usr/bin/cc   -std=c11 -o CMakeFiles/cmTC_ddeb5.dir/feature_tests.c.o   -c /home/rudeu/Studies/sysopy/zestaw2/cmake-build-debug/CMakeFiles/feature_tests.c
Linking C executable cmTC_ddeb5
/home/rudeu/CLion/clion-2017.3.4/bin/cmake/bin/cmake -E cmake_link_script CMakeFiles/cmTC_ddeb5.dir/link.txt --verbose=1
/usr/bin/cc      CMakeFiles/cmTC_ddeb5.dir/feature_tests.c.o  -o cmTC_ddeb5 
gmake[1]: Opuszczenie katalogu '/home/rudeu/Studies/sysopy/zestaw2/cmake-build-debug/CMakeFiles/CMakeTmp'


    Feature record: C_FEATURE:1c_function_prototypes
    Feature record: C_FEATURE:1c_restrict
    Feature record: C_FEATURE:1c_static_assert
    Feature record: C_FEATURE:1c_variadic_macros


Detecting C [-std=c99] compiler features compiled with the following output:
Change Dir: /home/rudeu/Studies/sysopy/zestaw2/cmake-build-debug/CMakeFiles/CMakeTmp

Run Build Command:"/usr/bin/gmake" "cmTC_13992/fast"
/usr/bin/gmake -f CMakeFiles/cmTC_13992.dir/build.make CMakeFiles/cmTC_13992.dir/build
gmake[1]: Wejście do katalogu '/home/rudeu/Studies/sysopy/zestaw2/cmake-build-debug/CMakeFiles/CMakeTmp'
Building C object CMakeFiles/cmTC_13992.dir/feature_tests.c.o
/usr/bin/cc   -std=c99 -o CMakeFiles/cmTC_13992.dir/feature_tests.c.o   -c /home/rudeu/Studies/sysopy/zestaw2/cmake-build-debug/CMakeFiles/feature_tests.c
Linking C executable cmTC_13992
/home/rudeu/CLion/clion-2017.3.4/bin/cmake/bin/cmake -E cmake_link_script CMakeFiles/cmTC_13992.dir/link.txt --verbose=1
/usr/bin/cc      CMakeFiles/cmTC_13992.dir/feature_tests.c.o  -o cmTC_13992 
gmake[1]: Opuszczenie katalogu '/home/rudeu/Studies/sysopy/zestaw2/cmake-build-debug/CMakeFiles/CMakeTmp'


    Feature record: C_FEATURE:1c_function_prototypes
    Feature record: C_FEATURE:1c_restrict
    Feature record: C_FEATURE:0c_static_assert
    Feature record: C_FEATURE:1c_variadic_macros


Detecting C [-std=c90] compiler features compiled with the following output:
Change Dir: /home/rudeu/Studies/sysopy/zestaw2/cmake-build-debug/CMakeFiles/CMakeTmp

Run Build Command:"/usr/bin/gmake" "cmTC_f2604/fast"
/usr/bin/gmake -f CMakeFiles/cmTC_f2604.dir/build.make CMakeFiles/cmTC_f2604.dir/build
gmake[1]: Wejście do katalogu '/home/rudeu/Studies/sysopy/zestaw2/cmake-build-debug/CMakeFiles/CMakeTmp'
Building C object CMakeFiles/cmTC_f2604.dir/feature_tests.c.o
/usr/bin/cc   -std=c90 -o CMakeFiles/cmTC_f2604.dir/feature_tests.c.o   -c /home/rudeu/Studies/sysopy/zestaw2/cmake-build-debug/CMakeFiles/feature_tests.c
Linking C executable cmTC_f2604
/home/rudeu/CLion/clion-2017.3.4/bin/cmake/bin/cmake -E cmake_link_script CMakeFiles/cmTC_f2604.dir/link.txt --verbose=1
/usr/bin/cc      CMakeFiles/cmTC_f2604.dir/feature_tests.c.o  -o cmTC_f2604 
gmake[1]: Opuszczenie katalogu '/home/rudeu/Studies/sysopy/zestaw2/cmake-build-debug/CMakeFiles/CMakeTmp'


    Feature record: C_FEATURE:1c_function_prototypes
    Feature record: C_FEATURE:0c_restrict
    Feature record: C_FEATURE:0c_static_assert
    Feature record: C_FEATURE:0c_variadic_macros
The system is: Linux - 4.15.10-300.fc27.x86_64 - x86_64
Compiling the C compiler identification source file "CMakeCCompilerId.c" succeeded.
Compiler: /usr/bin/cc 
Build flags: 
Id flags:  

The output was:
0


Compilation of the C compiler identification source "CMakeCCompilerId.c" produced "a.out"

The C compiler identification is GNU, found in "/home/rudeu/Studies/sysopy/zestaw2/cmake-build-debug/CMakeFiles/3.10.2/CompilerIdC/a.out"

Determining if the C compiler works passed with the following output:
Change Dir: /home/rudeu/Studies/sysopy/zestaw2/cmake-build-debug/CMakeFiles/CMakeTmp

Run Build Command:"/usr/bin/gmake" "cmTC_4bed8/fast"
/usr/bin/gmake -f CMakeFiles/cmTC_4bed8.dir/build.make CMakeFiles/cmTC_4bed8.dir/build
gmake[1]: Wejście do katalogu '/home/rudeu/Studies/sysopy/zestaw2/cmake-build-debug/CMakeFiles/CMakeTmp'
Building C object CMakeFiles/cmTC_4bed8.dir/testCCompiler.c.o
/usr/bin/cc    -o CMakeFiles/cmTC_4bed8.dir/testCCompiler.c.o   -c /home/rudeu/Studies/sysopy/zestaw2/cmake-build-debug/CMakeFiles/CMakeTmp/testCCompiler.c
Linking C executable cmTC_4bed8
/home/rudeu/CLion/clion-2017.3.4/bin/cmake/bin/cmake -E cmake_link_script CMakeFiles/cmTC_4bed8.dir/link.txt --verbose=1
/usr/bin/cc      CMakeFiles/cmTC_4bed8.dir/testCCompiler.c.o  -o cmTC_4bed8 
gmake[1]: Opuszczenie katalogu '/home/rudeu/Studies/sysopy/zestaw2/cmake-build-debug/CMakeFiles/CMakeTmp'


Detecting C compiler ABI info compiled with the following output:
Change Dir: /home/rudeu/Studies/sysopy/zestaw2/cmake-build-debug/CMakeFiles/CMakeTmp

Run Build Command:"/usr/bin/gmake" "cmTC_a7fa5/fast"
/usr/bin/gmake -f CMakeFiles/cmTC_a7fa5.dir/build.make CMakeFiles/cmTC_a7fa5.dir/build
gmake[1]: Wejście do katalogu '/home/rudeu/Studies/sysopy/zestaw2/cmake-build-debug/CMakeFiles/CMakeTmp'
Building C object CMakeFiles/cmTC_a7fa5.dir/CMakeCCompilerABI.c.o
/usr/bin/cc    -o CMakeFiles/cmTC_a7fa5.dir/CMakeCCompilerABI.c.o   -c /home/rudeu/CLion/clion-2017.3.4/bin/cmake/share/cmake-3.10/Modules/CMakeCCompilerABI.c
Linking C executable cmTC_a7fa5
/home/rudeu/CLion/clion-2017.3.4/bin/cmake/bin/cmake -E cmake_link_script CMakeFiles/cmTC_a7fa5.dir/link.txt --verbose=1
/usr/bin/cc     -v CMakeFiles/cmTC_a7fa5.dir/CMakeCCompilerABI.c.o  -o cmTC_a7fa5 
Using built-in specs.
COLLECT_GCC=/usr/bin/cc
COLLECT_LTO_WRAPPER=/usr/libexec/gcc/x86_64-redhat-linux/7/lto-wrapper
OFFLOAD_TARGET_NAMES=nvptx-none
OFFLOAD_TARGET_DEFAULT=1
Target: x86_64-redhat-linux
Configured with: ../configure --enable-bootstrap --enable-languages=c,c++,objc,obj-c++,fortran,ada,go,lto --prefix=/usr --mandir=/usr/share/man --infodir=/usr/share/info --with-bugurl=http://bugzilla.redhat.com/bugzilla --enable-shared --enable-threads=posix --enable-checking=release --enable-multilib --with-system-zlib --enable-__cxa_atexit --disable-libunwind-exceptions --enable-gnu-unique-object --enable-linker-build-id --with-gcc-major-version-only --with-linker-hash-style=gnu --enable-plugin --enable-initfini-array --with-isl --enable-libmpx --enable-offload-targets=nvptx-none --without-cuda-driver --enable-gnu-indirect-function --with-tune=generic --with-arch_32=i686 --build=x86_64-redhat-linux
Thread model: posix
gcc version 7.3.1 20180303 (Red Hat 7.3.1-5) (GCC) 
COMPILER_PATH=/usr/libexec/gcc/x86_64-redhat-linux/7/:/usr/libexec/gcc/x86_64-redhat-linux/7/:/usr/libexec/gcc/x86_64-redhat-linux/:/usr/lib/gcc/x86_64-redhat-linux/7/:/usr/lib/gcc/x86_64-redhat-linux/
LIBRARY_PATH=/usr/lib/gcc/x86_64-redhat-linux/7/:/usr/lib/gcc/x86_64-redhat-linux/7/../../../../lib64/:/lib/../lib64/:/usr/lib/../lib64/:/usr/lib/gcc/x86_64-redhat-linux/7/../../../:/lib/:/usr/lib/
COLLECT_GCC_OPTIONS='-v' '-o' 'cmTC_a7fa5' '-mtune=generic' '-march=x86-64'
 /usr/libexec/gcc/x86_64-redhat-linux/7/collect2 -plugin /usr/libexec/gcc/x86_64-redhat-linux/7/liblto_plugin.so -plugin-opt=/usr/libexec/gcc/x86_64-redhat-linux/7/lto-wrapper -plugin-opt=-fresolution=/tmp/ccakmnZD.res -plugin-opt=-pass-through=-lgcc -plugin-opt=-pass-through=-lgcc_s -plugin-opt=-pass-through=-lc -plugin-opt=-pass-through=-lgcc -plugin-opt=-pass-through=-lgcc_s --build-id --no-add-needed --eh-frame-hdr --hash-style=gnu -m elf_x86_64 -dynamic-linker /lib64/ld-linux-x86-64.so.2 -o cmTC_a7fa5 /usr/lib/gcc/x86_64-redhat-linux/7/../../../../lib64/crt1.o /usr/lib/gcc/x86_64-redhat-linux/7/../../../../lib64/crti.o /usr/lib/gcc/x86_64-redhat-linux/7/crtbegin.o -L/usr/lib/gcc/x86_64-redhat-linux/7 -L/usr/lib/gcc/x86_64-redhat-linux/7/../../../../lib64 -L/lib/../lib64 -L/usr/lib/../lib64 -L/usr/lib/gcc/x86_64-redhat-linux/7/../../.. CMakeFiles/cmTC_a7fa5.dir/CMakeCCompilerABI.c.o -lgcc --as-needed -lgcc_s --no-as-needed -lc -lgcc --as-needed -lgcc_s --no-as-needed /usr/lib/gcc/x86_64-redhat-linux/7/crtend.o /usr/lib/gcc/x86_64-redhat-linux/7/../../../../lib64/crtn.o
COLLECT_GCC_OPTIONS='-v' '-o' 'cmTC_a7fa5' '-mtune=generic' '-march=x86-64'
gmake[1]: Opuszczenie katalogu '/home/rudeu/Studies/sysopy/zestaw2/cmake-build-debug/CMakeFiles/CMakeTmp'


Parsed C implicit link information from above output:
  link line regex: [^( *|.*[/\])(ld|CMAKE_LINK_STARTFILE-NOTFOUND|([^/\]+-)?ld|collect2)[^/\]*( |$)]
  ignore line: [Change Dir: /home/rudeu/Studies/sysopy/zestaw2/cmake-build-debug/CMakeFiles/CMakeTmp]
  ignore line: []
  ignore line: [Run Build Command:"/usr/bin/gmake" "cmTC_a7fa5/fast"]
  ignore line: [/usr/bin/gmake -f CMakeFiles/cmTC_a7fa5.dir/build.make CMakeFiles/cmTC_a7fa5.dir/build]
  ignore line: [gmake[1]: Wejście do katalogu '/home/rudeu/Studies/sysopy/zestaw2/cmake-build-debug/CMakeFiles/CMakeTmp']
  ignore line: [Building C object CMakeFiles/cmTC_a7fa5.dir/CMakeCCompilerABI.c.o]
  ignore line: [/usr/bin/cc    -o CMakeFiles/cmTC_a7fa5.dir/CMakeCCompilerABI.c.o   -c /home/rudeu/CLion/clion-2017.3.4/bin/cmake/share/cmake-3.10/Modules/CMakeCCompilerABI.c]
  ignore line: [Linking C executable cmTC_a7fa5]
  ignore line: [/home/rudeu/CLion/clion-2017.3.4/bin/cmake/bin/cmake -E cmake_link_script CMakeFiles/cmTC_a7fa5.dir/link.txt --verbose=1]
  ignore line: [/usr/bin/cc     -v CMakeFiles/cmTC_a7fa5.dir/CMakeCCompilerABI.c.o  -o cmTC_a7fa5 ]
  ignore line: [Using built-in specs.]
  ignore line: [COLLECT_GCC=/usr/bin/cc]
  ignore line: [COLLECT_LTO_WRAPPER=/usr/libexec/gcc/x86_64-redhat-linux/7/lto-wrapper]
  ignore line: [OFFLOAD_TARGET_NAMES=nvptx-none]
  ignore line: [OFFLOAD_TARGET_DEFAULT=1]
  ignore line: [Target: x86_64-redhat-linux]
  ignore line: [Configured with: ../configure --enable-bootstrap --enable-languages=c,c++,objc,obj-c++,fortran,ada,go,lto --prefix=/usr --mandir=/usr/share/man --infodir=/usr/share/info --with-bugurl=http://bugzilla.redhat.com/bugzilla --enable-shared --enable-threads=posix --enable-checking=release --enable-multilib --with-system-zlib --enable-__cxa_atexit --disable-libunwind-exceptions --enable-gnu-unique-object --enable-linker-build-id --with-gcc-major-version-only --with-linker-hash-style=gnu --enable-plugin --enable-initfini-array --with-isl --enable-libmpx --enable-offload-targets=nvptx-none --without-cuda-driver --enable-gnu-indirect-function --with-tune=generic --with-arch_32=i686 --build=x86_64-redhat-linux]
  ignore line: [Thread model: posix]
  ignore line: [gcc version 7.3.1 20180303 (Red Hat 7.3.1-5) (GCC) ]
  ignore line: [COMPILER_PATH=/usr/libexec/gcc/x86_64-redhat-linux/7/:/usr/libexec/gcc/x86_64-redhat-linux/7/:/usr/libexec/gcc/x86_64-redhat-linux/:/usr/lib/gcc/x86_64-redhat-linux/7/:/usr/lib/gcc/x86_64-redhat-linux/]
  ignore line: [LIBRARY_PATH=/usr/lib/gcc/x86_64-redhat-linux/7/:/usr/lib/gcc/x86_64-redhat-linux/7/../../../../lib64/:/lib/../lib64/:/usr/lib/../lib64/:/usr/lib/gcc/x86_64-redhat-linux/7/../../../:/lib/:/usr/lib/]
  ignore line: [COLLECT_GCC_OPTIONS='-v' '-o' 'cmTC_a7fa5' '-mtune=generic' '-march=x86-64']
  link line: [ /usr/libexec/gcc/x86_64-redhat-linux/7/collect2 -plugin /usr/libexec/gcc/x86_64-redhat-linux/7/liblto_plugin.so -plugin-opt=/usr/libexec/gcc/x86_64-redhat-linux/7/lto-wrapper -plugin-opt=-fresolution=/tmp/ccakmnZD.res -plugin-opt=-pass-through=-lgcc -plugin-opt=-pass-through=-lgcc_s -plugin-opt=-pass-through=-lc -plugin-opt=-pass-through=-lgcc -plugin-opt=-pass-through=-lgcc_s --build-id --no-add-needed --eh-frame-hdr --hash-style=gnu -m elf_x86_64 -dynamic-linker /lib64/ld-linux-x86-64.so.2 -o cmTC_a7fa5 /usr/lib/gcc/x86_64-redhat-linux/7/../../../../lib64/crt1.o /usr/lib/gcc/x86_64-redhat-linux/7/../../../../lib64/crti.o /usr/lib/gcc/x86_64-redhat-linux/7/crtbegin.o -L/usr/lib/gcc/x86_64-redhat-linux/7 -L/usr/lib/gcc/x86_64-redhat-linux/7/../../../../lib64 -L/lib/../lib64 -L/usr/lib/../lib64 -L/usr/lib/gcc/x86_64-redhat-linux/7/../../.. CMakeFiles/cmTC_a7fa5.dir/CMakeCCompilerABI.c.o -lgcc --as-needed -lgcc_s --no-as-needed -lc -lgcc --as-needed -lgcc_s --no-as-needed /usr/lib/gcc/x86_64-redhat-linux/7/crtend.o /usr/lib/gcc/x86_64-redhat-linux/7/../../../../lib64/crtn.o]
    arg [/usr/libexec/gcc/x86_64-redhat-linux/7/collect2] ==> ignore
    arg [-plugin] ==> ignore
    arg [/usr/libexec/gcc/x86_64-redhat-linux/7/liblto_plugin.so] ==> ignore
    arg [-plugin-opt=/usr/libexec/gcc/x86_64-redhat-linux/7/lto-wrapper] ==> ignore
    arg [-plugin-opt=-fresolution=/tmp/ccakmnZD.res] ==> ignore
    arg [-plugin-opt=-pass-through=-lgcc] ==> ignore
    arg [-plugin-opt=-pass-through=-lgcc_s] ==> ignore
    arg [-plugin-opt=-pass-through=-lc] ==> ignore
    arg [-plugin-opt=-pass-through=-lgcc] ==> ignore
    arg [-plugin-opt=-pass-through=-lgcc_s] ==> ignore
    arg [--build-id] ==> ignore
    arg [--no-add-needed] ==> ignore
    arg [--eh-frame-hdr] ==> ignore
    arg [--hash-style=gnu] ==> ignore
    arg [-m] ==> ignore
    arg [elf_x86_64] ==> ignore
    arg [-dynamic-linker] ==> ignore
    arg [/lib64/ld-linux-x86-64.so.2] ==> ignore
    arg [-o] ==> ignore
    arg [cmTC_a7fa5] ==> ignore
    arg [/usr/lib/gcc/x86_64-redhat-linux/7/../../../../lib64/crt1.o] ==> ignore
    arg [/usr/lib/gcc/x86_64-redhat-linux/7/../../../../lib64/crti.o] ==> ignore
    arg [/usr/lib/gcc/x86_64-redhat-linux/7/crtbegin.o] ==> ignore
    arg [-L/usr/lib/gcc/x86_64-redhat-linux/7] ==> dir [/usr/lib/gcc/x86_64-redhat-linux/7]
    arg [-L/usr/lib/gcc/x86_64-redhat-linux/7/../../../../lib64] ==> dir [/usr/lib/gcc/x86_64-redhat-linux/7/../../../../lib64]
    arg [-L/lib/../lib64] ==> dir [/lib/../lib64]
    arg [-L/usr/lib/../lib64] ==> dir [/usr/lib/../lib64]
    arg [-L/usr/lib/gcc/x86_64-redhat-linux/7/../../..] ==> dir [/usr/lib/gcc/x86_64-redhat-linux/7/../../..]
    arg [CMakeFiles/cmTC_a7fa5.dir/CMakeCCompilerABI.c.o] ==> ignore
    arg [-lgcc] ==> lib [gcc]
    arg [--as-needed] ==> ignore
    arg [-lgcc_s] ==> lib [gcc_s]
    arg [--no-as-needed] ==> ignore
    arg [-lc] ==> lib [c]
    arg [-lgcc] ==> lib [gcc]
    arg [--as-needed] ==> ignore
    arg [-lgcc_s] ==> lib [gcc_s]
    arg [--no-as-needed] ==> ignore
    arg [/usr/lib/gcc/x86_64-redhat-linux/7/crtend.o] ==> ignore
    arg [/usr/lib/gcc/x86_64-redhat-linux/7/../../../../lib64/crtn.o] ==> ignore
  collapse library dir [/usr/lib/gcc/x86_64-redhat-linux/7] ==> [/usr/lib/gcc/x86_64-redhat-linux/7]
  collapse library dir [/usr/lib/gcc/x86_64-redhat-linux/7/../../../../lib64] ==> [/usr/lib64]
  collapse library dir [/lib/../lib64] ==> [/lib64]
  collapse library dir [/usr/lib/../lib64] ==> [/usr/lib64]
  collapse library dir [/usr/lib/gcc/x86_64-redhat-linux/7/../../..] ==> [/usr/lib]
  implicit libs: [gcc;gcc_s;c;gcc;gcc_s]
  implicit dirs: [/usr/lib/gcc/x86_64-redhat-linux/7;/usr/lib64;/lib64;/usr/lib]
  implicit fwks: []




Detecting C [-std=c11] compiler features compiled with the following output:
Change Dir: /home/rudeu/Studies/sysopy/zestaw2/cmake-build-debug/CMakeFiles/CMakeTmp

Run Build Command:"/usr/bin/gmake" "cmTC_6a95b/fast"
/usr/bin/gmake -f CMakeFiles/cmTC_6a95b.dir/build.make CMakeFiles/cmTC_6a95b.dir/build
gmake[1]: Wejście do katalogu '/home/rudeu/Studies/sysopy/zestaw2/cmake-build-debug/CMakeFiles/CMakeTmp'
Building C object CMakeFiles/cmTC_6a95b.dir/feature_tests.c.o
/usr/bin/cc   -std=c11 -o CMakeFiles/cmTC_6a95b.dir/feature_tests.c.o   -c /home/rudeu/Studies/sysopy/zestaw2/cmake-build-debug/CMakeFiles/feature_tests.c
Linking C executable cmTC_6a95b
/home/rudeu/CLion/clion-2017.3.4/bin/cmake/bin/cmake -E cmake_link_script CMakeFiles/cmTC_6a95b.dir/link.txt --verbose=1
/usr/bin/cc      CMakeFiles/cmTC_6a95b.dir/feature_tests.c.o  -o cmTC_6a95b 
gmake[1]: Opuszczenie katalogu '/home/rudeu/Studies/sysopy/zestaw2/cmake-build-debug/CMakeFiles/CMakeTmp'


    Feature record: C_FEATURE:1c_function_prototypes
    Feature record: C_FEATURE:1c_restrict
    Feature record: C_FEATURE:1c_static_assert
    Feature record: C_FEATURE:1c_variadic_macros


Detecting C [-std=c99] compiler features compiled with the following output:
Change Dir: /home/rudeu/Studies/sysopy/zestaw2/cmake-build-debug/CMakeFiles/CMakeTmp

Run Build Command:"/usr/bin/gmake" "cmTC_15e50/fast"
/usr/bin/gmake -f CMakeFiles/cmTC_15e50.dir/build.make CMakeFiles/cmTC_15e50.dir/build
gmake[1]: Wejście do katalogu '/home/rudeu/Studies/sysopy/zestaw2/cmake-build-debug/CMakeFiles/CMakeTmp'
Building C object CMakeFiles/cmTC_15e50.dir/feature_tests.c.o
/usr/bin/cc   -std=c99 -o CMakeFiles/cmTC_15e50.dir/feature_tests.c.o   -c /home/rudeu/Studies/sysopy/zestaw2/cmake-build-debug/CMakeFiles/feature_tests.c
Linking C executable cmTC_15e50
/home/rudeu/CLion/clion-2017.3.4/bin/cmake/bin/cmake -E cmake_link_script CMakeFiles/cmTC_15e50.dir/link.txt --verbose=1
/usr/bin/cc      CMakeFiles/cmTC_15e50.dir/feature_tests.c.o  -o cmTC_15e50 
gmake[1]: Opuszczenie katalogu '/home/rudeu/Studies/sysopy/zestaw2/cmake-build-debug/CMakeFiles/CMakeTmp'


    Feature record: C_FEATURE:1c_function_prototypes
    Feature record: C_FEATURE:1c_restrict
    Feature record: C_FEATURE:0c_static_assert
    Feature record: C_FEATURE:1c_variadic_macros


Detecting C [-std=c90] compiler features compiled with the following output:
Change Dir: /home/rudeu/Studies/sysopy/zestaw2/cmake-build-debug/CMakeFiles/CMakeTmp

Run Build Command:"/usr/bin/gmake" "cmTC_5783d/fast"
/usr/bin/gmake -f CMakeFiles/cmTC_5783d.dir/build.make CMakeFiles/cmTC_5783d.dir/build
gmake[1]: Wejście do katalogu '/home/rudeu/Studies/sysopy/zestaw2/cmake-build-debug/CMakeFiles/CMakeTmp'
Building C object CMakeFiles/cmTC_5783d.dir/feature_tests.c.o
/usr/bin/cc   -std=c90 -o CMakeFiles/cmTC_5783d.dir/feature_tests.c.o   -c /home/rudeu/Studies/sysopy/zestaw2/cmake-build-debug/CMakeFiles/feature_tests.c
Linking C executable cmTC_5783d
/home/rudeu/CLion/clion-2017.3.4/bin/cmake/bin/cmake -E cmake_link_script CMakeFiles/cmTC_5783d.dir/link.txt --verbose=1
/usr/bin/cc      CMakeFiles/cmTC_5783d.dir/feature_tests.c.o  -o cmTC_5783d 
gmake[1]: Opuszczenie katalogu '/home/rudeu/Studies/sysopy/zestaw2/cmake-build-debug/CMakeFiles/CMakeTmp'


    Feature record: C_FEATURE:1c_function_prototypes
    Feature record: C_FEATURE:0c_restrict
    Feature record: C_FEATURE:0c_static_assert
    Feature record: C_FEATURE:0c_variadic_macros
